<?xml version="1.0" encoding="UTF-8"?>
<testsuite xmlns:xsi="http://www.w3.org/2001/XMLSchema-instance" xsi:noNamespaceSchemaLocation="https://maven.apache.org/surefire/maven-surefire-plugin/xsd/surefire-test-report.xsd" name="RobotTest" time="0.003" tests="6" errors="0" skipped="0" failures="0">
  <properties>
[...]
</properties>
  <testcase name="TestMovingForwardWhenFacingNorthShouldIncreaseYby1" classname="RobotTest" time="0"/>
  <testcase name="TestTurningLeftWhenFacingSouthShouldResultInFacingEast" classname="RobotTest" time="0"/>
  <testcase name="TestTurningRightWhenFacingEastShouldResultInFacingSouth" classname="RobotTest" time="0"/>
  <testcase name="TestMovingForwardWhenFacingEastShouldIncreaseXby1" classname="RobotTest" time="0"/>
  <testcase name="TestTurningLeftWhenFacingNorthShouldResultInFacingWest" classname="RobotTest" time="0"/>
  <testcase name="TestTurningRightWhenFacingWestShouldResultInFacingNorth" classname="RobotTest" time="0"/>
</testsuite>